<?xml version="1.0" encoding="UTF-8"?>
<testsuite name="com.thomsonreuters.urls.RunUrlTopicTest" time="0" tests="5" errors="0" skipped="0" failures="0">
  <properties>
[...]
</properties>
  <testcase name="Given PL+ user is logged in" classname="| /Browse/Home/Practice/MediaTelecoms | Telecoms |" time="0"/>
  <testcase name="When the user opens /Browse/Home/Practice/MediaTelecoms url on plcuk website" classname="| /Browse/Home/Practice/MediaTelecoms | Telecoms |" time="0"/>
  <testcase name="When the user opens Telecoms topic" classname="| /Browse/Home/Practice/MediaTelecoms | Telecoms |" time="0"/>
  <testcase name="Then the Topic page URL is in this format: hostname/topic/x-xxx-xxxx" classname="| /Browse/Home/Practice/MediaTelecoms | Telecoms |" time="0"/>
  <testcase name="| /Browse/Home/Practice/MediaTelecoms | Telecoms |" classname="| /Browse/Home/Practice/MediaTelecoms | Telecoms |" time="0"/>
</testsuite>