<?xml version="1.0" encoding="UTF-8" ?>
<testsuite tests="18" failures="0" name="search.RunAcceptanceTest" time="0.006" errors="0" skipped="0">
  <properties>
[...]
</properties>
  <testcase classname="Scenario: Adding Goods to a Cart" name="Given The user enters &quot;iPhone s6&quot; in the searching field" time="0.004"/>
  <testcase classname="Scenario: Adding Goods to a Cart" name="When he presses a button &apos;Search&apos;" time="0.002"/>
  <testcase classname="Scenario: Adding Goods to a Cart" name="And he presses on an image of the good" time="0"/>
  <testcase classname="Scenario: Adding Goods to a Cart" name="And he sets good&apos;s color to &quot;Black&quot;" time="0"/>
  <testcase classname="Scenario: Adding Goods to a Cart" name="And he sets good&apos;s model to &quot;For Apple iPhone 6&quot;" time="0"/>
  <testcase classname="Scenario: Adding Goods to a Cart" name="And he sets good&apos;s glass screen protector to &quot;No&quot;" time="0"/>
  <testcase classname="Scenario: Adding Goods to a Cart" name="And he presses a button &apos;Add to cart&apos;" time="0"/>
  <testcase classname="Scenario: Adding Goods to a Cart" name="And he presses button &apos;Cart&apos; to see it&apos;s content" time="0"/>
  <testcase classname="Scenario: Adding Goods to a Cart" name="And ensure &quot;роскошный алюминиевый ультратонкий зеркало металлический чехол для iPhone 5 / 5s / 6 / 6 + плюс&quot; is in the cart" time="0"/>
  <testcase classname="Scenario: Adding Goods to a Cart" name="And he presses button &apos;Save for future&apos;" time="0"/>
  <testcase classname="Scenario: Adding Goods to a Cart" name="And he edits &quot;MariaBelemenko@gmail.com&quot; into the field &apos;Login&apos;" time="0"/>
  <testcase classname="Scenario: Adding Goods to a Cart" name="And he edits &quot;maria311089&quot; into the field &apos;Password&apos;" time="0"/>
  <testcase classname="Scenario: Adding Goods to a Cart" name="And he submits his personal information" time="0"/>
  <testcase classname="Scenario: Adding Goods to a Cart" name="And ensure &quot;Luxury Aluminum Ultra-thin Mirror Metal Case Cover for iPhone 5/ 5s/ 6/ 6+ Plus был сохранен для покупки в будущем.&quot; has been successfully removed to &apos;Saved goods&apos;" time="0"/>
  <testcase classname="Scenario: Adding Goods to a Cart" name="And he presses button &apos;Delete the good from the cart&apos;" time="0"/>
  <testcase classname="Scenario: Adding Goods to a Cart" name="And he presses button &apos;Show the cart&apos;" time="0"/>
  <testcase classname="Scenario: Adding Goods to a Cart" name="Then ensure &quot;Ваша корзина пуста, но вы можете положить в нее какой-нибудь товар.&quot; his cart is empty" time="0"/>
  <testcase classname="Scenario: Adding Goods to a Cart" name="Scenario: Adding Goods to a Cart" time="0"/>
</testsuite>