<?xml version="1.0" encoding="UTF-8"?>
<testng-results skipped="0" failed="0" total="1" passed="1">
  <reporter-output>
  </reporter-output>
  <suite name="com.epam.Task1.tests.TestClass" duration-ms="17" started-at="2016-06-21T08:02:22Z" finished-at="2016-06-21T08:02:22Z">
    <groups>
    </groups>
    <test name="Command line test" duration-ms="17" started-at="2016-06-21T08:02:22Z" finished-at="2016-06-21T08:02:22Z">
      <class name="com.epam.Task1.tests.TestClass">
        <test-method status="PASS" signature="sum()[pri:0, instance:com.epam.Task1.tests.TestClass@34f07ec4]" name="sum" duration-ms="8" started-at="2016-06-21T05:02:22Z" finished-at="2016-06-21T05:02:22Z">
          <reporter-output>
          </reporter-output>
        </test-method> <!-- sum -->
      </class> <!-- com.epam.Task1.tests.TestClass -->
    </test> <!-- Command line test -->
  </suite> <!-- com.epam.Task1.tests.TestClass -->
</testng-results>
